2024-03-04 08:58:20,202 INFO o.a.j.u.JMeterUtils: Setting Locale to es_CO
2024-03-04 08:58:20,244 INFO o.a.j.u.JMeterUtils: Could not find resources for 'es_CO', using 'es'
2024-03-04 08:58:20,247 INFO o.a.j.JMeter: Loading user properties from: user.properties
2024-03-04 08:58:20,248 INFO o.a.j.JMeter: Loading system properties from: system.properties
2024-03-04 08:58:20,260 INFO o.a.j.JMeter: Copyright (c) 1998-2024 The Apache Software Foundation
2024-03-04 08:58:20,260 INFO o.a.j.JMeter: Version 5.6.3
2024-03-04 08:58:20,260 INFO o.a.j.JMeter: java.version=17.0.10
2024-03-04 08:58:20,260 INFO o.a.j.JMeter: java.vm.name=Java HotSpot(TM) 64-Bit Server VM
2024-03-04 08:58:20,260 INFO o.a.j.JMeter: os.name=Windows 10
2024-03-04 08:58:20,260 INFO o.a.j.JMeter: os.arch=amd64
2024-03-04 08:58:20,260 INFO o.a.j.JMeter: os.version=10.0
2024-03-04 08:58:20,261 INFO o.a.j.JMeter: file.encoding=Cp1252
2024-03-04 08:58:20,261 INFO o.a.j.JMeter: java.awt.headless=null
2024-03-04 08:58:20,261 INFO o.a.j.JMeter: Max memory     =4259315712
2024-03-04 08:58:20,261 INFO o.a.j.JMeter: Available Processors =8
2024-03-04 08:58:20,279 INFO o.a.j.JMeter: Default Locale=español (Colombia)
2024-03-04 08:58:20,280 INFO o.a.j.JMeter: JMeter  Locale=español (Colombia)
2024-03-04 08:58:20,280 INFO o.a.j.JMeter: JMeterHome=C:\Users\Usuario\Downloads\apache-jmeter-5.6.3
2024-03-04 08:58:20,280 INFO o.a.j.JMeter: user.dir  =C:\Users\Usuario\Downloads\apache-jmeter-5.6.3\bin
2024-03-04 08:58:20,280 INFO o.a.j.JMeter: PWD       =C:\Users\Usuario\Downloads\apache-jmeter-5.6.3\bin
2024-03-04 08:58:20,281 INFO o.a.j.JMeter: IP: 192.168.1.14 Name: DESKTOP-T4RDMBF FullName: DESKTOP-T4RDMBF
2024-03-04 08:58:20,306 INFO o.a.j.JMeter: Loaded icon properties from org/apache/jmeter/images/icon.properties
2024-03-04 08:58:20,622 INFO o.a.j.JMeterGuiLauncher: Setting LAF to: com.github.weisj.darklaf.DarkLaf:com.github.weisj.darklaf.theme.DarculaTheme
2024-03-04 08:58:40,392 INFO o.a.j.s.FileServer: Default base='C:\Users\Usuario\Downloads\apache-jmeter-5.6.3\bin'
2024-03-04 08:58:40,399 INFO o.a.j.g.a.Load: Loading file: C:\Users\Usuario\Documents\Gestor de Cookies HTTP.jmx
2024-03-04 08:58:40,399 INFO o.a.j.s.FileServer: Set new base='C:\Users\Usuario\Documents'
2024-03-04 08:58:40,754 INFO o.a.j.s.SaveService: Testplan (JMX) version: 2.2. Testlog (JTL) version: 2.2
2024-03-04 08:58:40,794 INFO o.a.j.s.SaveService: Using SaveService properties version 5.0
2024-03-04 08:58:40,797 INFO o.a.j.s.SaveService: Using SaveService properties file encoding UTF-8
2024-03-04 08:58:40,799 INFO o.a.j.s.SaveService: Loading file: C:\Users\Usuario\Documents\Gestor de Cookies HTTP.jmx
2024-03-04 08:58:40,837 INFO o.a.j.p.h.s.HTTPSamplerBase: Parser for text/html is org.apache.jmeter.protocol.http.parser.LagartoBasedHtmlParser
2024-03-04 08:58:40,837 INFO o.a.j.p.h.s.HTTPSamplerBase: Parser for application/xhtml+xml is org.apache.jmeter.protocol.http.parser.LagartoBasedHtmlParser
2024-03-04 08:58:40,837 INFO o.a.j.p.h.s.HTTPSamplerBase: Parser for application/xml is org.apache.jmeter.protocol.http.parser.LagartoBasedHtmlParser
2024-03-04 08:58:40,837 INFO o.a.j.p.h.s.HTTPSamplerBase: Parser for text/xml is org.apache.jmeter.protocol.http.parser.LagartoBasedHtmlParser
2024-03-04 08:58:40,837 INFO o.a.j.p.h.s.HTTPSamplerBase: Parser for text/vnd.wap.wml is org.apache.jmeter.protocol.http.parser.RegexpHTMLParser
2024-03-04 08:58:40,837 INFO o.a.j.p.h.s.HTTPSamplerBase: Parser for text/css is org.apache.jmeter.protocol.http.parser.CssParser
2024-03-04 08:58:40,865 INFO o.a.j.p.h.c.CookieManager: Settings: Delete null: true Check: true Allow variable: true Save: false Prefix: COOKIE_
2024-03-04 08:58:41,140 INFO o.a.j.s.SampleResult: Note: Sample TimeStamps are START times
2024-03-04 08:58:41,140 INFO o.a.j.s.SampleResult: sampleresult.default.encoding is set to UTF-8
2024-03-04 08:58:41,140 INFO o.a.j.s.SampleResult: sampleresult.useNanoTime=true
2024-03-04 08:58:41,140 INFO o.a.j.s.SampleResult: sampleresult.nanoThreadSleep=5000
2024-03-04 08:58:41,626 INFO o.a.j.s.FileServer: Set new base='C:\Users\Usuario\Documents'
2024-03-04 09:08:15,302 INFO o.a.j.e.StandardJMeterEngine: Running the test!
2024-03-04 09:08:15,303 INFO o.a.j.s.SampleEvent: List of sample_variables: []
2024-03-04 09:08:15,303 INFO o.a.j.s.SampleEvent: List of sample_variables: []
2024-03-04 09:08:15,303 INFO o.a.j.e.u.CompoundVariable: Note: Function class names must contain the string: '.functions.'
2024-03-04 09:08:15,303 INFO o.a.j.e.u.CompoundVariable: Note: Function class names must not contain the string: '.gui.'
2024-03-04 09:08:15,376 INFO o.a.j.g.u.JMeterMenuBar: setRunning(true, *local*)
2024-03-04 09:08:15,419 INFO o.a.j.e.StandardJMeterEngine: Starting ThreadGroup: 1 : Usuarios
2024-03-04 09:08:15,419 INFO o.a.j.e.StandardJMeterEngine: Starting 5 threads for group Usuarios.
2024-03-04 09:08:15,419 INFO o.a.j.e.StandardJMeterEngine: Thread will continue on error
2024-03-04 09:08:15,419 INFO o.a.j.t.ThreadGroup: Starting thread group... number=1 threads=5 ramp-up=1 delayedStart=false
2024-03-04 09:08:15,424 INFO o.a.j.t.JMeterThread: Thread started: Usuarios 1-1
2024-03-04 09:08:15,426 INFO o.a.j.t.ThreadGroup: Started thread group number 1
2024-03-04 09:08:15,427 INFO o.a.j.e.StandardJMeterEngine: All thread groups have been started
2024-03-04 09:08:15,440 INFO o.a.j.p.h.s.HTTPHCAbstractImpl: Local host = DESKTOP-T4RDMBF
2024-03-04 09:08:15,449 INFO o.a.j.p.h.s.HTTPHC4Impl: HTTP request retry count = 0
2024-03-04 09:08:15,622 INFO o.a.j.t.JMeterThread: Thread started: Usuarios 1-2
2024-03-04 09:08:15,632 INFO o.a.j.p.h.s.h.LazyLayeredConnectionSocketFactory: Setting up HTTPS TrustAll Socket Factory
2024-03-04 09:08:15,648 INFO o.a.j.u.JsseSSLManager: Using default SSL protocol: TLS
2024-03-04 09:08:15,649 INFO o.a.j.u.JsseSSLManager: SSL session context: per-thread
2024-03-04 09:08:15,821 INFO o.a.j.t.JMeterThread: Thread started: Usuarios 1-3
2024-03-04 09:08:16,021 INFO o.a.j.t.JMeterThread: Thread started: Usuarios 1-4
2024-03-04 09:08:16,030 INFO o.a.j.u.SSLManager: JmeterKeyStore Location:  type JKS
2024-03-04 09:08:16,042 INFO o.a.j.u.SSLManager: KeyStore created OK
2024-03-04 09:08:16,042 WARN o.a.j.u.SSLManager: Keystore file not found, loading empty keystore
2024-03-04 09:08:16,222 INFO o.a.j.t.JMeterThread: Thread started: Usuarios 1-5
2024-03-04 09:08:17,473 INFO o.a.j.t.JMeterThread: Thread is done: Usuarios 1-4
2024-03-04 09:08:17,475 INFO o.a.j.t.JMeterThread: Thread finished: Usuarios 1-4
2024-03-04 09:08:17,512 INFO o.a.j.t.JMeterThread: Thread is done: Usuarios 1-5
2024-03-04 09:08:17,512 INFO o.a.j.t.JMeterThread: Thread finished: Usuarios 1-5
2024-03-04 09:08:17,517 INFO o.a.j.t.JMeterThread: Thread is done: Usuarios 1-3
2024-03-04 09:08:17,518 INFO o.a.j.t.JMeterThread: Thread finished: Usuarios 1-3
2024-03-04 09:08:17,581 INFO o.a.j.t.JMeterThread: Thread is done: Usuarios 1-1
2024-03-04 09:08:17,581 INFO o.a.j.t.JMeterThread: Thread finished: Usuarios 1-1
2024-03-04 09:08:17,587 INFO o.a.j.t.JMeterThread: Thread is done: Usuarios 1-2
2024-03-04 09:08:17,587 INFO o.a.j.t.JMeterThread: Thread finished: Usuarios 1-2
2024-03-04 09:08:17,589 INFO o.a.j.e.StandardJMeterEngine: Notifying test listeners of end of test
2024-03-04 09:08:17,590 INFO o.a.j.g.u.JMeterMenuBar: setRunning(false, *local*)
2024-03-04 09:15:27,509 INFO o.a.j.u.JMeterUtils: Setting Locale to en
2024-03-04 09:20:31,347 INFO o.a.j.e.StandardJMeterEngine: Running the test!
2024-03-04 09:20:31,348 INFO o.a.j.s.SampleEvent: List of sample_variables: []
2024-03-04 09:20:31,349 INFO o.a.j.g.u.JMeterMenuBar: setRunning(true, *local*)
2024-03-04 09:20:31,407 INFO o.a.j.e.StandardJMeterEngine: Starting ThreadGroup: 1 : Usuarios
2024-03-04 09:20:31,407 INFO o.a.j.e.StandardJMeterEngine: Starting 5 threads for group Usuarios.
2024-03-04 09:20:31,408 INFO o.a.j.e.StandardJMeterEngine: Thread will continue on error
2024-03-04 09:20:31,408 INFO o.a.j.t.ThreadGroup: Starting thread group... number=1 threads=5 ramp-up=1 delayedStart=false
2024-03-04 09:20:31,409 INFO o.a.j.t.JMeterThread: Thread started: Usuarios 1-1
2024-03-04 09:20:31,412 INFO o.a.j.t.ThreadGroup: Started thread group number 1
2024-03-04 09:20:31,413 INFO o.a.j.e.StandardJMeterEngine: All thread groups have been started
2024-03-04 09:20:31,610 INFO o.a.j.t.JMeterThread: Thread started: Usuarios 1-2
2024-03-04 09:20:31,810 INFO o.a.j.t.JMeterThread: Thread started: Usuarios 1-3
2024-03-04 09:20:32,012 INFO o.a.j.t.JMeterThread: Thread started: Usuarios 1-4
2024-03-04 09:20:32,211 INFO o.a.j.t.JMeterThread: Thread started: Usuarios 1-5
2024-03-04 09:20:32,564 INFO o.a.j.t.JMeterThread: Thread is done: Usuarios 1-1
2024-03-04 09:20:32,564 INFO o.a.j.t.JMeterThread: Thread finished: Usuarios 1-1
2024-03-04 09:20:32,656 INFO o.a.j.t.JMeterThread: Thread is done: Usuarios 1-2
2024-03-04 09:20:32,656 INFO o.a.j.t.JMeterThread: Thread finished: Usuarios 1-2
2024-03-04 09:20:32,881 INFO o.a.j.t.JMeterThread: Thread is done: Usuarios 1-3
2024-03-04 09:20:32,882 INFO o.a.j.t.JMeterThread: Thread finished: Usuarios 1-3
2024-03-04 09:20:33,070 INFO o.a.j.t.JMeterThread: Thread is done: Usuarios 1-4
2024-03-04 09:20:33,071 INFO o.a.j.t.JMeterThread: Thread finished: Usuarios 1-4
2024-03-04 09:20:33,256 INFO o.a.j.t.JMeterThread: Thread is done: Usuarios 1-5
2024-03-04 09:20:33,256 INFO o.a.j.t.JMeterThread: Thread finished: Usuarios 1-5
2024-03-04 09:20:33,257 INFO o.a.j.e.StandardJMeterEngine: Notifying test listeners of end of test
2024-03-04 09:20:33,257 INFO o.a.j.g.u.JMeterMenuBar: setRunning(false, *local*)
2024-03-04 09:21:40,080 INFO o.a.j.e.StandardJMeterEngine: Running the test!
2024-03-04 09:21:40,081 INFO o.a.j.s.SampleEvent: List of sample_variables: []
2024-03-04 09:21:40,082 INFO o.a.j.g.u.JMeterMenuBar: setRunning(true, *local*)
2024-03-04 09:21:40,141 INFO o.a.j.e.StandardJMeterEngine: Starting ThreadGroup: 1 : Usuarios
2024-03-04 09:21:40,141 INFO o.a.j.e.StandardJMeterEngine: Starting 100 threads for group Usuarios.
2024-03-04 09:21:40,141 INFO o.a.j.e.StandardJMeterEngine: Thread will continue on error
2024-03-04 09:21:40,141 INFO o.a.j.t.ThreadGroup: Starting thread group... number=1 threads=100 ramp-up=1 delayedStart=false
2024-03-04 09:21:40,144 INFO o.a.j.t.JMeterThread: Thread started: Usuarios 1-1
2024-03-04 09:21:40,163 INFO o.a.j.t.JMeterThread: Thread started: Usuarios 1-3
2024-03-04 09:21:40,169 INFO o.a.j.t.JMeterThread: Thread started: Usuarios 1-2
2024-03-04 09:21:40,174 INFO o.a.j.t.JMeterThread: Thread started: Usuarios 1-4
2024-03-04 09:21:40,184 INFO o.a.j.t.JMeterThread: Thread started: Usuarios 1-5
2024-03-04 09:21:40,195 INFO o.a.j.t.JMeterThread: Thread started: Usuarios 1-6
2024-03-04 09:21:40,203 INFO o.a.j.t.ThreadGroup: Started thread group number 1
2024-03-04 09:21:40,203 INFO o.a.j.e.StandardJMeterEngine: All thread groups have been started
2024-03-04 09:21:40,207 INFO o.a.j.t.JMeterThread: Thread started: Usuarios 1-7
2024-03-04 09:21:40,215 INFO o.a.j.t.JMeterThread: Thread started: Usuarios 1-8
2024-03-04 09:21:40,225 INFO o.a.j.t.JMeterThread: Thread started: Usuarios 1-9
2024-03-04 09:21:40,236 INFO o.a.j.t.JMeterThread: Thread started: Usuarios 1-10
2024-03-04 09:21:40,247 INFO o.a.j.t.JMeterThread: Thread started: Usuarios 1-11
2024-03-04 09:21:40,255 INFO o.a.j.t.JMeterThread: Thread started: Usuarios 1-12
2024-03-04 09:21:40,264 INFO o.a.j.t.JMeterThread: Thread started: Usuarios 1-13
2024-03-04 09:21:40,274 INFO o.a.j.t.JMeterThread: Thread started: Usuarios 1-14
2024-03-04 09:21:40,284 INFO o.a.j.t.JMeterThread: Thread started: Usuarios 1-15
2024-03-04 09:21:40,294 INFO o.a.j.t.JMeterThread: Thread started: Usuarios 1-16
2024-03-04 09:21:40,306 INFO o.a.j.t.JMeterThread: Thread started: Usuarios 1-17
2024-03-04 09:21:40,313 INFO o.a.j.t.JMeterThread: Thread started: Usuarios 1-18
2024-03-04 09:21:40,324 INFO o.a.j.t.JMeterThread: Thread started: Usuarios 1-19
2024-03-04 09:21:40,334 INFO o.a.j.t.JMeterThread: Thread started: Usuarios 1-20
2024-03-04 09:21:40,345 INFO o.a.j.t.JMeterThread: Thread started: Usuarios 1-21
2024-03-04 09:21:40,354 INFO o.a.j.t.JMeterThread: Thread started: Usuarios 1-22
2024-03-04 09:21:40,365 INFO o.a.j.t.JMeterThread: Thread started: Usuarios 1-23
2024-03-04 09:21:40,375 INFO o.a.j.t.JMeterThread: Thread started: Usuarios 1-24
2024-03-04 09:21:40,383 INFO o.a.j.t.JMeterThread: Thread started: Usuarios 1-25
2024-03-04 09:21:40,395 INFO o.a.j.t.JMeterThread: Thread started: Usuarios 1-26
2024-03-04 09:21:40,403 INFO o.a.j.t.JMeterThread: Thread started: Usuarios 1-27
2024-03-04 09:21:40,413 INFO o.a.j.t.JMeterThread: Thread started: Usuarios 1-28
2024-03-04 09:21:40,424 INFO o.a.j.t.JMeterThread: Thread started: Usuarios 1-29
2024-03-04 09:21:40,434 INFO o.a.j.t.JMeterThread: Thread started: Usuarios 1-30
2024-03-04 09:21:40,444 INFO o.a.j.t.JMeterThread: Thread started: Usuarios 1-31
2024-03-04 09:21:40,455 INFO o.a.j.t.JMeterThread: Thread started: Usuarios 1-32
2024-03-04 09:21:40,464 INFO o.a.j.t.JMeterThread: Thread started: Usuarios 1-33
2024-03-04 09:21:40,475 INFO o.a.j.t.JMeterThread: Thread started: Usuarios 1-34
2024-03-04 09:21:40,485 INFO o.a.j.t.JMeterThread: Thread started: Usuarios 1-35
2024-03-04 09:21:40,494 INFO o.a.j.t.JMeterThread: Thread started: Usuarios 1-36
2024-03-04 09:21:40,504 INFO o.a.j.t.JMeterThread: Thread started: Usuarios 1-37
2024-03-04 09:21:40,514 INFO o.a.j.t.JMeterThread: Thread started: Usuarios 1-38
2024-03-04 09:21:40,525 INFO o.a.j.t.JMeterThread: Thread started: Usuarios 1-39
2024-03-04 09:21:40,533 INFO o.a.j.t.JMeterThread: Thread started: Usuarios 1-40
2024-03-04 09:21:40,545 INFO o.a.j.t.JMeterThread: Thread started: Usuarios 1-41
2024-03-04 09:21:40,553 INFO o.a.j.t.JMeterThread: Thread started: Usuarios 1-42
2024-03-04 09:21:40,565 INFO o.a.j.t.JMeterThread: Thread started: Usuarios 1-43
2024-03-04 09:21:40,576 INFO o.a.j.t.JMeterThread: Thread started: Usuarios 1-44
2024-03-04 09:21:40,587 INFO o.a.j.t.JMeterThread: Thread started: Usuarios 1-45
2024-03-04 09:21:40,595 INFO o.a.j.t.JMeterThread: Thread started: Usuarios 1-46
2024-03-04 09:21:40,604 INFO o.a.j.t.JMeterThread: Thread started: Usuarios 1-47
2024-03-04 09:21:40,614 INFO o.a.j.t.JMeterThread: Thread started: Usuarios 1-48
2024-03-04 09:21:40,625 INFO o.a.j.t.JMeterThread: Thread started: Usuarios 1-49
2024-03-04 09:21:40,635 INFO o.a.j.t.JMeterThread: Thread started: Usuarios 1-50
2024-03-04 09:21:40,645 INFO o.a.j.t.JMeterThread: Thread started: Usuarios 1-51
2024-03-04 09:21:40,655 INFO o.a.j.t.JMeterThread: Thread started: Usuarios 1-52
2024-03-04 09:21:40,677 INFO o.a.j.t.JMeterThread: Thread started: Usuarios 1-54
2024-03-04 09:21:40,682 INFO o.a.j.t.JMeterThread: Thread started: Usuarios 1-53
2024-03-04 09:21:40,683 INFO o.a.j.t.JMeterThread: Thread started: Usuarios 1-55
2024-03-04 09:21:40,695 INFO o.a.j.t.JMeterThread: Thread started: Usuarios 1-56
2024-03-04 09:21:40,703 INFO o.a.j.t.JMeterThread: Thread started: Usuarios 1-57
2024-03-04 09:21:40,714 INFO o.a.j.t.JMeterThread: Thread started: Usuarios 1-58
2024-03-04 09:21:40,724 INFO o.a.j.t.JMeterThread: Thread started: Usuarios 1-59
2024-03-04 09:21:40,753 INFO o.a.j.t.JMeterThread: Thread started: Usuarios 1-62
2024-03-04 09:21:40,755 INFO o.a.j.t.JMeterThread: Thread started: Usuarios 1-60
2024-03-04 09:21:40,755 INFO o.a.j.t.JMeterThread: Thread started: Usuarios 1-61
2024-03-04 09:21:40,765 INFO o.a.j.t.JMeterThread: Thread started: Usuarios 1-63
2024-03-04 09:21:40,772 INFO o.a.j.t.JMeterThread: Thread started: Usuarios 1-64
2024-03-04 09:21:40,784 INFO o.a.j.t.JMeterThread: Thread started: Usuarios 1-65
2024-03-04 09:21:40,794 INFO o.a.j.t.JMeterThread: Thread started: Usuarios 1-66
2024-03-04 09:21:40,805 INFO o.a.j.t.JMeterThread: Thread started: Usuarios 1-67
2024-03-04 09:21:40,813 INFO o.a.j.t.JMeterThread: Thread started: Usuarios 1-68
2024-03-04 09:21:40,825 INFO o.a.j.t.JMeterThread: Thread started: Usuarios 1-69
2024-03-04 09:21:40,835 INFO o.a.j.t.JMeterThread: Thread started: Usuarios 1-70
2024-03-04 09:21:40,848 INFO o.a.j.t.JMeterThread: Thread started: Usuarios 1-71
2024-03-04 09:21:40,854 INFO o.a.j.t.JMeterThread: Thread started: Usuarios 1-72
2024-03-04 09:21:40,863 INFO o.a.j.t.JMeterThread: Thread started: Usuarios 1-73
2024-03-04 09:21:40,874 INFO o.a.j.t.JMeterThread: Thread started: Usuarios 1-74
2024-03-04 09:21:40,885 INFO o.a.j.t.JMeterThread: Thread started: Usuarios 1-75
2024-03-04 09:21:40,893 INFO o.a.j.t.JMeterThread: Thread started: Usuarios 1-76
2024-03-04 09:21:40,905 INFO o.a.j.t.JMeterThread: Thread started: Usuarios 1-77
2024-03-04 09:21:40,915 INFO o.a.j.t.JMeterThread: Thread started: Usuarios 1-78
2024-03-04 09:21:40,924 INFO o.a.j.t.JMeterThread: Thread started: Usuarios 1-79
2024-03-04 09:21:40,934 INFO o.a.j.t.JMeterThread: Thread started: Usuarios 1-80
2024-03-04 09:21:40,945 INFO o.a.j.t.JMeterThread: Thread started: Usuarios 1-81
2024-03-04 09:21:40,953 INFO o.a.j.t.JMeterThread: Thread started: Usuarios 1-82
2024-03-04 09:21:40,965 INFO o.a.j.t.JMeterThread: Thread started: Usuarios 1-83
2024-03-04 09:21:40,973 INFO o.a.j.t.JMeterThread: Thread started: Usuarios 1-84
2024-03-04 09:21:40,984 INFO o.a.j.t.JMeterThread: Thread started: Usuarios 1-85
2024-03-04 09:21:40,995 INFO o.a.j.t.JMeterThread: Thread started: Usuarios 1-86
2024-03-04 09:21:41,006 INFO o.a.j.t.JMeterThread: Thread started: Usuarios 1-87
2024-03-04 09:21:41,015 INFO o.a.j.t.JMeterThread: Thread started: Usuarios 1-88
2024-03-04 09:21:41,024 INFO o.a.j.t.JMeterThread: Thread started: Usuarios 1-89
2024-03-04 09:21:41,034 INFO o.a.j.t.JMeterThread: Thread started: Usuarios 1-90
2024-03-04 09:21:41,044 INFO o.a.j.t.JMeterThread: Thread started: Usuarios 1-91
2024-03-04 09:21:41,053 INFO o.a.j.t.JMeterThread: Thread started: Usuarios 1-92
2024-03-04 09:21:41,065 INFO o.a.j.t.JMeterThread: Thread started: Usuarios 1-93
2024-03-04 09:21:41,074 INFO o.a.j.t.JMeterThread: Thread started: Usuarios 1-94
2024-03-04 09:21:41,085 INFO o.a.j.t.JMeterThread: Thread started: Usuarios 1-95
2024-03-04 09:21:41,093 INFO o.a.j.t.JMeterThread: Thread started: Usuarios 1-96
2024-03-04 09:21:41,106 INFO o.a.j.t.JMeterThread: Thread started: Usuarios 1-97
2024-03-04 09:21:41,113 INFO o.a.j.t.JMeterThread: Thread started: Usuarios 1-98
2024-03-04 09:21:41,124 INFO o.a.j.t.JMeterThread: Thread started: Usuarios 1-99
2024-03-04 09:21:41,139 INFO o.a.j.t.JMeterThread: Thread started: Usuarios 1-100
2024-03-04 09:21:41,579 INFO o.a.j.t.JMeterThread: Thread is done: Usuarios 1-11
2024-03-04 09:21:41,579 INFO o.a.j.t.JMeterThread: Thread finished: Usuarios 1-11
2024-03-04 09:21:41,599 INFO o.a.j.t.JMeterThread: Thread is done: Usuarios 1-7
2024-03-04 09:21:41,600 INFO o.a.j.t.JMeterThread: Thread finished: Usuarios 1-7
2024-03-04 09:21:41,600 INFO o.a.j.t.JMeterThread: Thread is done: Usuarios 1-13
2024-03-04 09:21:41,600 INFO o.a.j.t.JMeterThread: Thread finished: Usuarios 1-13
2024-03-04 09:21:41,623 INFO o.a.j.t.JMeterThread: Thread is done: Usuarios 1-5
2024-03-04 09:21:41,624 INFO o.a.j.t.JMeterThread: Thread finished: Usuarios 1-5
2024-03-04 09:21:41,684 INFO o.a.j.t.JMeterThread: Thread is done: Usuarios 1-1
2024-03-04 09:21:41,685 INFO o.a.j.t.JMeterThread: Thread finished: Usuarios 1-1
2024-03-04 09:21:41,716 INFO o.a.j.t.JMeterThread: Thread is done: Usuarios 1-6
2024-03-04 09:21:41,716 INFO o.a.j.t.JMeterThread: Thread finished: Usuarios 1-6
2024-03-04 09:21:41,727 INFO o.a.j.t.JMeterThread: Thread is done: Usuarios 1-2
2024-03-04 09:21:41,729 INFO o.a.j.t.JMeterThread: Thread finished: Usuarios 1-2
2024-03-04 09:21:41,946 INFO o.a.j.t.JMeterThread: Thread is done: Usuarios 1-14
2024-03-04 09:21:41,946 INFO o.a.j.t.JMeterThread: Thread finished: Usuarios 1-14
2024-03-04 09:21:42,052 INFO o.a.j.t.JMeterThread: Thread is done: Usuarios 1-31
2024-03-04 09:21:42,052 INFO o.a.j.t.JMeterThread: Thread finished: Usuarios 1-31
2024-03-04 09:21:42,055 INFO o.a.j.t.JMeterThread: Thread is done: Usuarios 1-19
2024-03-04 09:21:42,056 INFO o.a.j.t.JMeterThread: Thread finished: Usuarios 1-19
2024-03-04 09:21:42,057 INFO o.a.j.t.JMeterThread: Thread is done: Usuarios 1-20
2024-03-04 09:21:42,057 INFO o.a.j.t.JMeterThread: Thread finished: Usuarios 1-20
2024-03-04 09:21:42,063 INFO o.a.j.t.JMeterThread: Thread is done: Usuarios 1-32
2024-03-04 09:21:42,063 INFO o.a.j.t.JMeterThread: Thread finished: Usuarios 1-32
2024-03-04 09:21:42,073 INFO o.a.j.t.JMeterThread: Thread is done: Usuarios 1-12
2024-03-04 09:21:42,073 INFO o.a.j.t.JMeterThread: Thread finished: Usuarios 1-12
2024-03-04 09:21:42,085 INFO o.a.j.t.JMeterThread: Thread is done: Usuarios 1-27
2024-03-04 09:21:42,085 INFO o.a.j.t.JMeterThread: Thread finished: Usuarios 1-27
2024-03-04 09:21:42,087 INFO o.a.j.t.JMeterThread: Thread is done: Usuarios 1-4
2024-03-04 09:21:42,087 INFO o.a.j.t.JMeterThread: Thread finished: Usuarios 1-4
2024-03-04 09:21:42,100 INFO o.a.j.t.JMeterThread: Thread is done: Usuarios 1-18
2024-03-04 09:21:42,100 INFO o.a.j.t.JMeterThread: Thread finished: Usuarios 1-18
2024-03-04 09:21:42,111 INFO o.a.j.t.JMeterThread: Thread is done: Usuarios 1-3
2024-03-04 09:21:42,111 INFO o.a.j.t.JMeterThread: Thread is done: Usuarios 1-40
2024-03-04 09:21:42,111 INFO o.a.j.t.JMeterThread: Thread finished: Usuarios 1-3
2024-03-04 09:21:42,111 INFO o.a.j.t.JMeterThread: Thread finished: Usuarios 1-40
2024-03-04 09:21:42,112 INFO o.a.j.t.JMeterThread: Thread is done: Usuarios 1-10
2024-03-04 09:21:42,112 INFO o.a.j.t.JMeterThread: Thread finished: Usuarios 1-10
2024-03-04 09:21:42,132 INFO o.a.j.t.JMeterThread: Thread is done: Usuarios 1-17
2024-03-04 09:21:42,132 INFO o.a.j.t.JMeterThread: Thread finished: Usuarios 1-17
2024-03-04 09:21:42,147 INFO o.a.j.t.JMeterThread: Thread is done: Usuarios 1-24
2024-03-04 09:21:42,147 INFO o.a.j.t.JMeterThread: Thread finished: Usuarios 1-24
2024-03-04 09:21:42,158 INFO o.a.j.t.JMeterThread: Thread is done: Usuarios 1-23
2024-03-04 09:21:42,158 INFO o.a.j.t.JMeterThread: Thread finished: Usuarios 1-23
2024-03-04 09:21:42,159 INFO o.a.j.t.JMeterThread: Thread is done: Usuarios 1-26
2024-03-04 09:21:42,159 INFO o.a.j.t.JMeterThread: Thread finished: Usuarios 1-26
2024-03-04 09:21:42,178 INFO o.a.j.t.JMeterThread: Thread is done: Usuarios 1-29
2024-03-04 09:21:42,179 INFO o.a.j.t.JMeterThread: Thread finished: Usuarios 1-29
2024-03-04 09:21:42,208 INFO o.a.j.t.JMeterThread: Thread is done: Usuarios 1-34
2024-03-04 09:21:42,208 INFO o.a.j.t.JMeterThread: Thread finished: Usuarios 1-34
2024-03-04 09:21:42,208 INFO o.a.j.t.JMeterThread: Thread is done: Usuarios 1-15
2024-03-04 09:21:42,208 INFO o.a.j.t.JMeterThread: Thread finished: Usuarios 1-15
2024-03-04 09:21:42,218 INFO o.a.j.t.JMeterThread: Thread is done: Usuarios 1-28
2024-03-04 09:21:42,218 INFO o.a.j.t.JMeterThread: Thread is done: Usuarios 1-30
2024-03-04 09:21:42,218 INFO o.a.j.t.JMeterThread: Thread finished: Usuarios 1-28
2024-03-04 09:21:42,218 INFO o.a.j.t.JMeterThread: Thread is done: Usuarios 1-35
2024-03-04 09:21:42,220 INFO o.a.j.t.JMeterThread: Thread finished: Usuarios 1-35
2024-03-04 09:21:42,222 INFO o.a.j.t.JMeterThread: Thread finished: Usuarios 1-30
2024-03-04 09:21:42,271 INFO o.a.j.t.JMeterThread: Thread is done: Usuarios 1-21
2024-03-04 09:21:42,271 INFO o.a.j.t.JMeterThread: Thread finished: Usuarios 1-21
2024-03-04 09:21:42,272 INFO o.a.j.t.JMeterThread: Thread is done: Usuarios 1-43
2024-03-04 09:21:42,272 INFO o.a.j.t.JMeterThread: Thread finished: Usuarios 1-43
2024-03-04 09:21:42,273 INFO o.a.j.t.JMeterThread: Thread is done: Usuarios 1-16
2024-03-04 09:21:42,273 INFO o.a.j.t.JMeterThread: Thread finished: Usuarios 1-16
2024-03-04 09:21:42,285 INFO o.a.j.t.JMeterThread: Thread is done: Usuarios 1-54
2024-03-04 09:21:42,285 INFO o.a.j.t.JMeterThread: Thread finished: Usuarios 1-54
2024-03-04 09:21:42,288 INFO o.a.j.t.JMeterThread: Thread is done: Usuarios 1-25
2024-03-04 09:21:42,289 INFO o.a.j.t.JMeterThread: Thread finished: Usuarios 1-25
2024-03-04 09:21:42,299 INFO o.a.j.t.JMeterThread: Thread is done: Usuarios 1-57
2024-03-04 09:21:42,299 INFO o.a.j.t.JMeterThread: Thread finished: Usuarios 1-57
2024-03-04 09:21:42,305 INFO o.a.j.t.JMeterThread: Thread is done: Usuarios 1-51
2024-03-04 09:21:42,305 INFO o.a.j.t.JMeterThread: Thread is done: Usuarios 1-46
2024-03-04 09:21:42,305 INFO o.a.j.t.JMeterThread: Thread finished: Usuarios 1-46
2024-03-04 09:21:42,305 INFO o.a.j.t.JMeterThread: Thread finished: Usuarios 1-51
2024-03-04 09:21:42,309 INFO o.a.j.t.JMeterThread: Thread is done: Usuarios 1-44
2024-03-04 09:21:42,309 INFO o.a.j.t.JMeterThread: Thread is done: Usuarios 1-39
2024-03-04 09:21:42,309 INFO o.a.j.t.JMeterThread: Thread finished: Usuarios 1-44
2024-03-04 09:21:42,309 INFO o.a.j.t.JMeterThread: Thread finished: Usuarios 1-39
2024-03-04 09:21:42,315 INFO o.a.j.t.JMeterThread: Thread is done: Usuarios 1-55
2024-03-04 09:21:42,315 INFO o.a.j.t.JMeterThread: Thread finished: Usuarios 1-55
2024-03-04 09:21:42,336 INFO o.a.j.t.JMeterThread: Thread is done: Usuarios 1-62
2024-03-04 09:21:42,337 INFO o.a.j.t.JMeterThread: Thread finished: Usuarios 1-62
2024-03-04 09:21:42,340 INFO o.a.j.t.JMeterThread: Thread is done: Usuarios 1-59
2024-03-04 09:21:42,340 INFO o.a.j.t.JMeterThread: Thread finished: Usuarios 1-59
2024-03-04 09:21:42,341 INFO o.a.j.t.JMeterThread: Thread is done: Usuarios 1-53
2024-03-04 09:21:42,341 INFO o.a.j.t.JMeterThread: Thread finished: Usuarios 1-53
2024-03-04 09:21:42,344 INFO o.a.j.t.JMeterThread: Thread is done: Usuarios 1-50
2024-03-04 09:21:42,344 INFO o.a.j.t.JMeterThread: Thread is done: Usuarios 1-56
2024-03-04 09:21:42,345 INFO o.a.j.t.JMeterThread: Thread finished: Usuarios 1-50
2024-03-04 09:21:42,345 INFO o.a.j.t.JMeterThread: Thread finished: Usuarios 1-56
2024-03-04 09:21:42,345 INFO o.a.j.t.JMeterThread: Thread is done: Usuarios 1-45
2024-03-04 09:21:42,346 INFO o.a.j.t.JMeterThread: Thread finished: Usuarios 1-45
2024-03-04 09:21:42,382 INFO o.a.j.t.JMeterThread: Thread is done: Usuarios 1-61
2024-03-04 09:21:42,382 INFO o.a.j.t.JMeterThread: Thread is done: Usuarios 1-33
2024-03-04 09:21:42,382 INFO o.a.j.t.JMeterThread: Thread finished: Usuarios 1-61
2024-03-04 09:21:42,382 INFO o.a.j.t.JMeterThread: Thread finished: Usuarios 1-33
2024-03-04 09:21:42,382 INFO o.a.j.t.JMeterThread: Thread is done: Usuarios 1-22
2024-03-04 09:21:42,382 INFO o.a.j.t.JMeterThread: Thread finished: Usuarios 1-22
2024-03-04 09:21:42,383 INFO o.a.j.t.JMeterThread: Thread is done: Usuarios 1-49
2024-03-04 09:21:42,383 INFO o.a.j.t.JMeterThread: Thread is done: Usuarios 1-47
2024-03-04 09:21:42,384 INFO o.a.j.t.JMeterThread: Thread finished: Usuarios 1-49
2024-03-04 09:21:42,384 INFO o.a.j.t.JMeterThread: Thread finished: Usuarios 1-47
2024-03-04 09:21:42,384 INFO o.a.j.t.JMeterThread: Thread is done: Usuarios 1-60
2024-03-04 09:21:42,384 INFO o.a.j.t.JMeterThread: Thread finished: Usuarios 1-60
2024-03-04 09:21:42,393 INFO o.a.j.t.JMeterThread: Thread is done: Usuarios 1-63
2024-03-04 09:21:42,393 INFO o.a.j.t.JMeterThread: Thread is done: Usuarios 1-67
2024-03-04 09:21:42,394 INFO o.a.j.t.JMeterThread: Thread finished: Usuarios 1-67
2024-03-04 09:21:42,394 INFO o.a.j.t.JMeterThread: Thread finished: Usuarios 1-63
2024-03-04 09:21:42,417 INFO o.a.j.t.JMeterThread: Thread is done: Usuarios 1-66
2024-03-04 09:21:42,418 INFO o.a.j.t.JMeterThread: Thread finished: Usuarios 1-66
2024-03-04 09:21:42,435 INFO o.a.j.t.JMeterThread: Thread is done: Usuarios 1-64
2024-03-04 09:21:42,435 INFO o.a.j.t.JMeterThread: Thread finished: Usuarios 1-64
2024-03-04 09:21:42,470 INFO o.a.j.t.JMeterThread: Thread is done: Usuarios 1-74
2024-03-04 09:21:42,470 INFO o.a.j.t.JMeterThread: Thread finished: Usuarios 1-74
2024-03-04 09:21:42,472 INFO o.a.j.t.JMeterThread: Thread is done: Usuarios 1-80
2024-03-04 09:21:42,472 INFO o.a.j.t.JMeterThread: Thread finished: Usuarios 1-80
2024-03-04 09:21:42,476 INFO o.a.j.t.JMeterThread: Thread is done: Usuarios 1-9
2024-03-04 09:21:42,476 INFO o.a.j.t.JMeterThread: Thread finished: Usuarios 1-9
2024-03-04 09:21:42,488 INFO o.a.j.t.JMeterThread: Thread is done: Usuarios 1-69
2024-03-04 09:21:42,488 INFO o.a.j.t.JMeterThread: Thread finished: Usuarios 1-69
2024-03-04 09:21:42,496 INFO o.a.j.t.JMeterThread: Thread is done: Usuarios 1-73
2024-03-04 09:21:42,496 INFO o.a.j.t.JMeterThread: Thread finished: Usuarios 1-73
2024-03-04 09:21:42,515 INFO o.a.j.t.JMeterThread: Thread is done: Usuarios 1-83
2024-03-04 09:21:42,515 INFO o.a.j.t.JMeterThread: Thread is done: Usuarios 1-92
2024-03-04 09:21:42,516 INFO o.a.j.t.JMeterThread: Thread finished: Usuarios 1-83
2024-03-04 09:21:42,516 INFO o.a.j.t.JMeterThread: Thread finished: Usuarios 1-92
2024-03-04 09:21:42,516 INFO o.a.j.t.JMeterThread: Thread is done: Usuarios 1-77
2024-03-04 09:21:42,516 INFO o.a.j.t.JMeterThread: Thread finished: Usuarios 1-77
2024-03-04 09:21:42,533 INFO o.a.j.t.JMeterThread: Thread is done: Usuarios 1-75
2024-03-04 09:21:42,534 INFO o.a.j.t.JMeterThread: Thread finished: Usuarios 1-75
2024-03-04 09:21:42,536 INFO o.a.j.t.JMeterThread: Thread is done: Usuarios 1-76
2024-03-04 09:21:42,536 INFO o.a.j.t.JMeterThread: Thread is done: Usuarios 1-85
2024-03-04 09:21:42,536 INFO o.a.j.t.JMeterThread: Thread is done: Usuarios 1-100
2024-03-04 09:21:42,537 INFO o.a.j.t.JMeterThread: Thread finished: Usuarios 1-76
2024-03-04 09:21:42,536 INFO o.a.j.t.JMeterThread: Thread is done: Usuarios 1-70
2024-03-04 09:21:42,537 INFO o.a.j.t.JMeterThread: Thread finished: Usuarios 1-85
2024-03-04 09:21:42,537 INFO o.a.j.t.JMeterThread: Thread finished: Usuarios 1-100
2024-03-04 09:21:42,537 INFO o.a.j.t.JMeterThread: Thread finished: Usuarios 1-70
2024-03-04 09:21:42,539 INFO o.a.j.t.JMeterThread: Thread is done: Usuarios 1-65
2024-03-04 09:21:42,540 INFO o.a.j.t.JMeterThread: Thread finished: Usuarios 1-65
2024-03-04 09:21:42,553 INFO o.a.j.t.JMeterThread: Thread is done: Usuarios 1-8
2024-03-04 09:21:42,553 INFO o.a.j.t.JMeterThread: Thread finished: Usuarios 1-8
2024-03-04 09:21:42,569 INFO o.a.j.t.JMeterThread: Thread is done: Usuarios 1-87
2024-03-04 09:21:42,570 INFO o.a.j.t.JMeterThread: Thread finished: Usuarios 1-87
2024-03-04 09:21:42,577 INFO o.a.j.t.JMeterThread: Thread is done: Usuarios 1-93
2024-03-04 09:21:42,578 INFO o.a.j.t.JMeterThread: Thread finished: Usuarios 1-93
2024-03-04 09:21:42,581 INFO o.a.j.t.JMeterThread: Thread is done: Usuarios 1-68
2024-03-04 09:21:42,581 INFO o.a.j.t.JMeterThread: Thread finished: Usuarios 1-68
2024-03-04 09:21:42,601 INFO o.a.j.t.JMeterThread: Thread is done: Usuarios 1-90
2024-03-04 09:21:42,601 INFO o.a.j.t.JMeterThread: Thread finished: Usuarios 1-90
2024-03-04 09:21:42,601 INFO o.a.j.t.JMeterThread: Thread is done: Usuarios 1-96
2024-03-04 09:21:42,601 INFO o.a.j.t.JMeterThread: Thread finished: Usuarios 1-96
2024-03-04 09:21:42,606 INFO o.a.j.t.JMeterThread: Thread is done: Usuarios 1-82
2024-03-04 09:21:42,606 INFO o.a.j.t.JMeterThread: Thread finished: Usuarios 1-82
2024-03-04 09:21:42,612 INFO o.a.j.t.JMeterThread: Thread is done: Usuarios 1-97
2024-03-04 09:21:42,612 INFO o.a.j.t.JMeterThread: Thread finished: Usuarios 1-97
2024-03-04 09:21:42,625 INFO o.a.j.t.JMeterThread: Thread is done: Usuarios 1-98
2024-03-04 09:21:42,625 INFO o.a.j.t.JMeterThread: Thread finished: Usuarios 1-98
2024-03-04 09:21:42,634 INFO o.a.j.t.JMeterThread: Thread is done: Usuarios 1-84
2024-03-04 09:21:42,635 INFO o.a.j.t.JMeterThread: Thread finished: Usuarios 1-84
2024-03-04 09:21:42,637 INFO o.a.j.t.JMeterThread: Thread is done: Usuarios 1-79
2024-03-04 09:21:42,637 INFO o.a.j.t.JMeterThread: Thread finished: Usuarios 1-79
2024-03-04 09:21:42,664 INFO o.a.j.t.JMeterThread: Thread is done: Usuarios 1-99
2024-03-04 09:21:42,664 INFO o.a.j.t.JMeterThread: Thread finished: Usuarios 1-99
2024-03-04 09:21:42,736 INFO o.a.j.t.JMeterThread: Thread is done: Usuarios 1-95
2024-03-04 09:21:42,737 INFO o.a.j.t.JMeterThread: Thread finished: Usuarios 1-95
2024-03-04 09:21:42,798 INFO o.a.j.t.JMeterThread: Thread is done: Usuarios 1-86
2024-03-04 09:21:42,798 INFO o.a.j.t.JMeterThread: Thread finished: Usuarios 1-86
2024-03-04 09:21:42,940 INFO o.a.j.t.JMeterThread: Thread is done: Usuarios 1-58
2024-03-04 09:21:42,940 INFO o.a.j.t.JMeterThread: Thread finished: Usuarios 1-58
2024-03-04 09:21:42,951 INFO o.a.j.t.JMeterThread: Thread is done: Usuarios 1-36
2024-03-04 09:21:42,951 INFO o.a.j.t.JMeterThread: Thread finished: Usuarios 1-36
2024-03-04 09:21:43,025 INFO o.a.j.t.JMeterThread: Thread is done: Usuarios 1-41
2024-03-04 09:21:43,026 INFO o.a.j.t.JMeterThread: Thread finished: Usuarios 1-41
2024-03-04 09:21:43,048 INFO o.a.j.t.JMeterThread: Thread is done: Usuarios 1-38
2024-03-04 09:21:43,048 INFO o.a.j.t.JMeterThread: Thread finished: Usuarios 1-38
2024-03-04 09:21:43,206 INFO o.a.j.t.JMeterThread: Thread is done: Usuarios 1-52
2024-03-04 09:21:43,206 INFO o.a.j.t.JMeterThread: Thread is done: Usuarios 1-48
2024-03-04 09:21:43,207 INFO o.a.j.t.JMeterThread: Thread finished: Usuarios 1-52
2024-03-04 09:21:43,207 INFO o.a.j.t.JMeterThread: Thread finished: Usuarios 1-48
2024-03-04 09:21:43,217 INFO o.a.j.t.JMeterThread: Thread is done: Usuarios 1-37
2024-03-04 09:21:43,217 INFO o.a.j.t.JMeterThread: Thread finished: Usuarios 1-37
2024-03-04 09:21:43,226 INFO o.a.j.t.JMeterThread: Thread is done: Usuarios 1-42
2024-03-04 09:21:43,226 INFO o.a.j.t.JMeterThread: Thread finished: Usuarios 1-42
2024-03-04 09:21:43,296 INFO o.a.j.t.JMeterThread: Thread is done: Usuarios 1-72
2024-03-04 09:21:43,296 INFO o.a.j.t.JMeterThread: Thread finished: Usuarios 1-72
2024-03-04 09:21:43,352 INFO o.a.j.t.JMeterThread: Thread is done: Usuarios 1-71
2024-03-04 09:21:43,352 INFO o.a.j.t.JMeterThread: Thread finished: Usuarios 1-71
2024-03-04 09:21:43,505 INFO o.a.j.t.JMeterThread: Thread is done: Usuarios 1-94
2024-03-04 09:21:43,505 INFO o.a.j.t.JMeterThread: Thread finished: Usuarios 1-94
2024-03-04 09:21:43,588 INFO o.a.j.t.JMeterThread: Thread is done: Usuarios 1-78
2024-03-04 09:21:43,588 INFO o.a.j.t.JMeterThread: Thread finished: Usuarios 1-78
2024-03-04 09:21:43,746 INFO o.a.j.t.JMeterThread: Thread is done: Usuarios 1-81
2024-03-04 09:21:43,746 INFO o.a.j.t.JMeterThread: Thread finished: Usuarios 1-81
2024-03-04 09:21:43,811 INFO o.a.j.t.JMeterThread: Thread is done: Usuarios 1-88
2024-03-04 09:21:43,811 INFO o.a.j.t.JMeterThread: Thread finished: Usuarios 1-88
2024-03-04 09:21:43,928 INFO o.a.j.t.JMeterThread: Thread is done: Usuarios 1-91
2024-03-04 09:21:43,928 INFO o.a.j.t.JMeterThread: Thread finished: Usuarios 1-91
2024-03-04 09:21:43,957 INFO o.a.j.t.JMeterThread: Thread is done: Usuarios 1-89
2024-03-04 09:21:43,957 INFO o.a.j.t.JMeterThread: Thread finished: Usuarios 1-89
2024-03-04 09:21:43,958 INFO o.a.j.e.StandardJMeterEngine: Notifying test listeners of end of test
2024-03-04 09:21:43,959 INFO o.a.j.g.u.JMeterMenuBar: setRunning(false, *local*)
